Basis set 6-31G found in file 6-31G.gbs in ../../build/erkale/basis/.

Using the BFGS2 minimizer.

Current Settings used by ERKALE:
     AtomGuess      	                Auto	Method used for atomic guess (Auto for same as method)
     Basis          	               6-31G	Basis set used in calculation
     BasisOrth      	                Auto	Method of orthonormalization of basis set
     C1-DIIS        	               false	Use older version of DIIS (C1-DIIS instead of C2-DIIS)?
     Charge         	                   0	Total charge of system
     Criterion      	              NORMAL	Convergence criterion to use: LOOSE, NORMAL, TIGHT, VERYTIGHT
     DIISOrder      	                  10	How many DIIS iterations to keep in memory?
     DIISThr        	           5.000e-02	DIIS error threshold for DIIS updates
     DecFock        	               false	Use decontracted basis to calculate Fock matrix (direct HF)
     Decontract     	                    	Indices of atoms to decontract basis set for
     DeltaEmax      	           1.000e-06	Maximum allowed change of energy
     DeltaPmax      	           1.000e-06	Maximum allowed maximum difference of density matrix
     DeltaPrms      	           1.000e-08	Maximum allowed RMS difference of density matrix
     DensityFitting 	               false	Use density fitting / RI?
     Direct         	               false	Calculate two-electron integrals (or density fitting) on-the-fly?
     FittingBasis   	                Auto	Basis to use for density fitting / RI (Auto for automatic)
     FittingMemory  	                1000	Amount of memory in MB to use for exchange fitting
     FittingThreshold	           1.000e-08	Linear dependence threshold for Coulomb integrals in density fitting
     ForcePol       	               false	Force polarized calculation
     FreezeCore     	               false	Freeze the atomic cores?
     Guess          	              Atomic	Used guess: atomic (default), molecular, or core
     LineSearch     	               false	Do line search in level shift (EXPENSIVE!)
     LoadChk        	                    	File to load old results from
     Logfile        	     erkale_geom.log	File to print out full information, stdout for screen
     MaxIter        	                 100	Maximum number of iterations in SCF cycle
     MaxSteps       	                 256	Maximum amount of geometry steps
     Method         	                  HF	Method used in calculation (HF or a DFT functional)
     Multiplicity   	                   1	Spin multiplicity
     Occupancies    	                    	Orbital occupancies
     OptMovie       	        optimize.xyz	xyz movie to store progress in
     Optimizer      	               BFGS2	Optimizer to use: CGFR, CGPR, BFGS, BFGS2 (default), SD
     Result         	       optimized.xyz	File to save optimized geometry in
     SaveChk        	          erkale.chk	File to use as checkpoint
     Shift          	           0.000e+00	Level shift to use in Hartree
     StrictIntegrals	               false	Use strict integrals?
     System         	           atoms.xyz	System as an xyz file
     UseADIIS       	                true	Use ADIIS for Fock matrix interpolation? (DIIS takes preference)
     UseBroyden     	               false	Use Broyden mixing of Fock matrices?
     UseDIIS        	                true	Use Pulay's Direct Inversion in the Iterative Subspace?
     UseLM          	                true	Use a spherical harmonics basis set by default?
     UseTRDSM       	               false	Use Trust-Region DSM?
     UseTRRH        	               false	Use Trust-Region Roothaan-Hall?
     Verbose        	                true	Verbose calculation?

Performing atomic guess for atoms:
	1 2 3 4 5 6 7 11 12 Occupancies
alpha	1.00 1.00 0.67 0.67 0.67 
beta	1.00 1.00 0.00 0.00 0.00 
 (0.16 s)
	8 9 10 13 Occupancies
alpha	1.00 1.00 1.00 1.00 1.00 
beta	1.00 1.00 0.33 0.33 0.33 
 (0.01 s)
	14 15 16 17 18 19 20 21 Occupancies
alpha	1.00 
beta	0.00 
 (0.00 s)
Diagonalizing density matrix ... done (0.02 s)
Atomic guess formed in 0.20 s.

There are 81 shells and 21 nuclei in the basis set.

List of nuclei, geometry in Ångström with three decimal places:
		 Z	    x	    y	    z
1	C	 6	  2.056	 -0.165	  0.397
2	C	 6	  0.689	  2.029	 -0.648
3	C	 6	  2.741	  1.023	  0.125
4	C	 6	  2.057	  2.118	 -0.400
5	C	 6	 -3.594	  1.032	  0.046
6	C	 6	  0.677	 -0.275	  0.151
7	C	 6	  0.003	  0.842	 -0.359
8	O	 8	  0.633	 -2.545	  0.934
9	O	 8	 -1.765	  1.433	  1.566
10	O	 8	 -1.249	 -1.684	  0.130
11	C	 6	  0.053	 -1.589	  0.450
12	C	 6	 -2.152	  1.128	  0.445
13	O	 8	 -1.362	  0.828	 -0.658
14	H	 1	 -1.477	 -2.601	  0.392
15	H	 1	  2.609	 -1.012	  0.803
16	H	 1	  0.157	  2.883	 -1.058
17	H	 1	  3.808	  1.091	  0.324
18	H	 1	  2.590	  3.041	 -0.614
19	H	 1	 -3.816	  0.020	 -0.303
20	H	 1	 -4.225	  1.246	  0.914
21	H	 1	 -3.813	  1.766	 -0.733

List of basis functions:
Shell    1	S cart shell at nucleus   1 with with basis functions    1-1   
Shell    2	S cart shell at nucleus   1 with with basis functions    2-2   
Shell    3	S cart shell at nucleus   1 with with basis functions    3-3   
Shell    4	P cart shell at nucleus   1 with with basis functions    4-6   
Shell    5	P cart shell at nucleus   1 with with basis functions    7-9   
Shell    6	S cart shell at nucleus   2 with with basis functions   10-10  
Shell    7	S cart shell at nucleus   2 with with basis functions   11-11  
Shell    8	S cart shell at nucleus   2 with with basis functions   12-12  
Shell    9	P cart shell at nucleus   2 with with basis functions   13-15  
Shell   10	P cart shell at nucleus   2 with with basis functions   16-18  
Shell   11	S cart shell at nucleus   3 with with basis functions   19-19  
Shell   12	S cart shell at nucleus   3 with with basis functions   20-20  
Shell   13	S cart shell at nucleus   3 with with basis functions   21-21  
Shell   14	P cart shell at nucleus   3 with with basis functions   22-24  
Shell   15	P cart shell at nucleus   3 with with basis functions   25-27  
Shell   16	S cart shell at nucleus   4 with with basis functions   28-28  
Shell   17	S cart shell at nucleus   4 with with basis functions   29-29  
Shell   18	S cart shell at nucleus   4 with with basis functions   30-30  
Shell   19	P cart shell at nucleus   4 with with basis functions   31-33  
Shell   20	P cart shell at nucleus   4 with with basis functions   34-36  
Shell   21	S cart shell at nucleus   5 with with basis functions   37-37  
Shell   22	S cart shell at nucleus   5 with with basis functions   38-38  
Shell   23	S cart shell at nucleus   5 with with basis functions   39-39  
Shell   24	P cart shell at nucleus   5 with with basis functions   40-42  
Shell   25	P cart shell at nucleus   5 with with basis functions   43-45  
Shell   26	S cart shell at nucleus   6 with with basis functions   46-46  
Shell   27	S cart shell at nucleus   6 with with basis functions   47-47  
Shell   28	S cart shell at nucleus   6 with with basis functions   48-48  
Shell   29	P cart shell at nucleus   6 with with basis functions   49-51  
Shell   30	P cart shell at nucleus   6 with with basis functions   52-54  
Shell   31	S cart shell at nucleus   7 with with basis functions   55-55  
Shell   32	S cart shell at nucleus   7 with with basis functions   56-56  
Shell   33	S cart shell at nucleus   7 with with basis functions   57-57  
Shell   34	P cart shell at nucleus   7 with with basis functions   58-60  
Shell   35	P cart shell at nucleus   7 with with basis functions   61-63  
Shell   36	S cart shell at nucleus   8 with with basis functions   64-64  
Shell   37	S cart shell at nucleus   8 with with basis functions   65-65  
Shell   38	S cart shell at nucleus   8 with with basis functions   66-66  
Shell   39	P cart shell at nucleus   8 with with basis functions   67-69  
Shell   40	P cart shell at nucleus   8 with with basis functions   70-72  
Shell   41	S cart shell at nucleus   9 with with basis functions   73-73  
Shell   42	S cart shell at nucleus   9 with with basis functions   74-74  
Shell   43	S cart shell at nucleus   9 with with basis functions   75-75  
Shell   44	P cart shell at nucleus   9 with with basis functions   76-78  
Shell   45	P cart shell at nucleus   9 with with basis functions   79-81  
Shell   46	S cart shell at nucleus  10 with with basis functions   82-82  
Shell   47	S cart shell at nucleus  10 with with basis functions   83-83  
Shell   48	S cart shell at nucleus  10 with with basis functions   84-84  
Shell   49	P cart shell at nucleus  10 with with basis functions   85-87  
Shell   50	P cart shell at nucleus  10 with with basis functions   88-90  
Shell   51	S cart shell at nucleus  11 with with basis functions   91-91  
Shell   52	S cart shell at nucleus  11 with with basis functions   92-92  
Shell   53	S cart shell at nucleus  11 with with basis functions   93-93  
Shell   54	P cart shell at nucleus  11 with with basis functions   94-96  
Shell   55	P cart shell at nucleus  11 with with basis functions   97-99  
Shell   56	S cart shell at nucleus  12 with with basis functions  100-100 
Shell   57	S cart shell at nucleus  12 with with basis functions  101-101 
Shell   58	S cart shell at nucleus  12 with with basis functions  102-102 
Shell   59	P cart shell at nucleus  12 with with basis functions  103-105 
Shell   60	P cart shell at nucleus  12 with with basis functions  106-108 
Shell   61	S cart shell at nucleus  13 with with basis functions  109-109 
Shell   62	S cart shell at nucleus  13 with with basis functions  110-110 
Shell   63	S cart shell at nucleus  13 with with basis functions  111-111 
Shell   64	P cart shell at nucleus  13 with with basis functions  112-114 
Shell   65	P cart shell at nucleus  13 with with basis functions  115-117 
Shell   66	S cart shell at nucleus  14 with with basis functions  118-118 
Shell   67	S cart shell at nucleus  14 with with basis functions  119-119 
Shell   68	S cart shell at nucleus  15 with with basis functions  120-120 
Shell   69	S cart shell at nucleus  15 with with basis functions  121-121 
Shell   70	S cart shell at nucleus  16 with with basis functions  122-122 
Shell   71	S cart shell at nucleus  16 with with basis functions  123-123 
Shell   72	S cart shell at nucleus  17 with with basis functions  124-124 
Shell   73	S cart shell at nucleus  17 with with basis functions  125-125 
Shell   74	S cart shell at nucleus  18 with with basis functions  126-126 
Shell   75	S cart shell at nucleus  18 with with basis functions  127-127 
Shell   76	S cart shell at nucleus  19 with with basis functions  128-128 
Shell   77	S cart shell at nucleus  19 with with basis functions  129-129 
Shell   78	S cart shell at nucleus  20 with with basis functions  130-130 
Shell   79	S cart shell at nucleus  20 with with basis functions  131-131 
Shell   80	S cart shell at nucleus  21 with with basis functions  132-132 
Shell   81	S cart shell at nucleus  21 with with basis functions  133-133 

Basis set contains 133 functions, maximum angular momentum is 1.
Spherical harmonic Gaussians are used by default, there are 133 cartesians.

Forming overlap matrix ... done (0.00 s)
Forming kinetic energy matrix ... done (0.03 s)
Forming nuclear attraction matrix ... done (0.22 s)

Smallest eigenvalue of overlap matrix is 5.37e-04, ratio to largest is 9.56e-05.
Using symmetric orthogonalization.
Basis set diagonalized in 0.01 s.

Forming table of 317659328 ERIs, requiring 302 Mi 966 ki of memory ... done (1 min 22.23 s)

Initialization of computation done in 1 min 22.49 s.


 ******* Initialization of run ********

Using input guess for orbitals.
HOMO-LUMO gap is    0.00 eV. Energies of lowest lying states:
   -20.767154*   -20.767154*   -20.767154*   -20.767154*   -11.389632*
   -11.389632*   -11.389632*   -11.389632*   -11.389632*   -11.389632*
   -11.389632*   -11.389632*   -11.389632*    -1.438728*    -1.438728*
    -1.438728*    -1.438728*    -0.835993*    -0.835993*    -0.835993*
    -0.835993*    -0.835993*    -0.835993*    -0.835993*    -0.835993*
    -0.835993*    -0.700336*    -0.700336*    -0.700336*    -0.700336*
    -0.700336*    -0.700336*    -0.700336*    -0.700336*    -0.700336*
    -0.700336*    -0.700336*    -0.700336*    -0.498233*    -0.498233*
    -0.498233*    -0.498233*    -0.498233*    -0.498233*    -0.498233*
    -0.498233*    -0.274128*    -0.274128     -0.274128     -0.274128 
    -0.274128     -0.274128     -0.274128     -0.274128     -0.274128 

Orbital occupancies:
2.000 2.000 2.000 2.000 2.000 2.000 2.000 2.000 2.000 2.000 2.000 2.000 
2.000 2.000 2.000 2.000 2.000 2.000 2.000 2.000 2.000 2.000 2.000 2.000 
2.000 2.000 2.000 2.000 2.000 2.000 2.000 2.000 2.000 2.000 2.000 2.000 
2.000 2.000 2.000 2.000 2.000 2.000 2.000 2.000 2.000 2.000 2.000 

 ******* Iteration    1 ********
Forming HF Coulomb and exchange matrices ... done (3.02 s)

DIIS error too large, not using DIIS extrapolation.
Performing ADIIS interpolation of Fock operator ... done (0.00 s)

Solving SCF equations ... done (0.01 s)
HOMO-LUMO gap is    3.52 eV. Energies of lowest lying states:
   -20.476782*   -20.329484*   -20.110351*   -20.005981*   -12.084055*
   -12.000720*   -11.939651*   -11.905465*   -11.892607*   -11.818273*
   -11.811948*   -11.785762*   -11.755905*    -1.618270*    -1.564355*
    -1.536349*    -1.435005*    -1.417094*    -1.349921*    -1.325479*
    -1.310630*    -1.198752*    -1.156857*    -1.069691*    -1.000215*
    -0.988334*    -0.913221*    -0.885436*    -0.857157*    -0.851823*
    -0.833731*    -0.820660*    -0.792644*    -0.759099*    -0.748247*
    -0.729232*    -0.692371*    -0.669006*    -0.631414*    -0.623930*
    -0.607160*    -0.519453*    -0.466129*    -0.452066*    -0.411601*
    -0.386394*    -0.328908*    -0.199491     -0.168102     -0.015970 
     0.009962      0.030115      0.087030      0.096949      0.101550 

Dipole:	x		y		z		dipole change
	 0.66374452	-0.81117763	 0.86597680	 1.359589e+00
Energy:	electronic	total		virial		energy change
	-1424.13372046	-641.47254483	 0.99108588	-641.473
	kinetic		nuclear		Coulomb		Exchange
	 647.24214076	-3061.65824035	 1072.23802844	-81.95564931
Errors:	Max dens	RMS dens	DIIS
	 6.410604e-01	 4.223135e-02	 6.310896e-01

Iteration took 3.06 s.

 ******* Iteration    2 ********
Forming HF Coulomb and exchange matrices ... done (3.02 s)

DIIS error too large, not using DIIS extrapolation.
Performing ADIIS interpolation of Fock operator ... done (0.00 s)

Solving SCF equations ... done (0.01 s)
HOMO-LUMO gap is    9.30 eV. Energies of lowest lying states:
   -21.369345*   -21.177355*   -20.907883*   -20.662165*   -11.098848*
   -11.084761*   -11.063024*   -11.062836*   -11.038794*   -11.034797*
   -11.034481*   -10.887133*   -10.867165*    -1.678604*    -1.555634*
    -1.430255*    -1.392533*    -1.024202*    -0.984840*    -0.930697*
    -0.906809*    -0.879287*    -0.839685*    -0.827508*    -0.780902*
    -0.768352*    -0.729635*    -0.725500*    -0.704694*    -0.662849*
    -0.654324*    -0.621654*    -0.597792*    -0.586498*    -0.569041*
    -0.533666*    -0.517360*    -0.477300*    -0.461392*    -0.449564*
    -0.442630*    -0.408646*    -0.390342*    -0.378245*    -0.365227*
    -0.233940*    -0.221794*     0.120048      0.188570      0.213005 
     0.238980      0.262661      0.288862      0.303074      0.310184 

Dipole:	x		y		z		dipole change
	-1.17442235	 1.08657411	-1.95447242	 1.166252e+00
Energy:	electronic	total		virial		energy change
	-1426.42757632	-643.76640069	 1.00178375	-2.29386
	kinetic		nuclear		Coulomb		Exchange
	 642.62012697	-3080.94478047	 1093.70389115	-81.80681397
Errors:	Max dens	RMS dens	DIIS
	 7.190624e-01	 2.906101e-02	 3.693157e-01

Iteration took 3.07 s.

 ******* Iteration    3 ********
Forming HF Coulomb and exchange matrices ... done (3.01 s)

DIIS error too large, not using DIIS extrapolation.
Performing ADIIS interpolation of Fock operator ... done (0.00 s)

Solving SCF equations ... done (0.01 s)
HOMO-LUMO gap is   11.41 eV. Energies of lowest lying states:
   -20.681327*   -20.602570*   -20.401122*   -20.326110*   -11.491602*
   -11.480556*   -11.388848*   -11.356428*   -11.277698*   -11.274122*
   -11.264171*   -11.254912*   -11.235227*    -1.515328*    -1.492077*
    -1.366228*    -1.340265*    -1.200505*    -1.082518*    -1.072393*
    -1.027533*    -0.932695*    -0.879591*    -0.843870*    -0.806918*
    -0.735609*    -0.718280*    -0.702236*    -0.693452*    -0.673603*
    -0.663948*    -0.653136*    -0.636311*    -0.623362*    -0.579621*
    -0.574364*    -0.570979*    -0.563725*    -0.535225*    -0.522919*
    -0.516259*    -0.456767*    -0.455033*    -0.418783*    -0.405752*
    -0.366068*    -0.360101*     0.059259      0.113431      0.141502 
     0.203960      0.208796      0.226345      0.240632      0.276898 

Dipole:	x		y		z		dipole change
	 0.23842551	 0.48757326	-0.49795293	-1.789274e+00
Energy:	electronic	total		virial		energy change
	-1426.85023879	-644.18906316	 0.99374955	-0.422662
	kinetic		nuclear		Coulomb		Exchange
	 648.24086063	-3080.70998517	 1088.48337737	-82.86449161
Errors:	Max dens	RMS dens	DIIS
	 3.164472e-01	 1.330567e-02	 4.119108e-01

Iteration took 3.06 s.

 ******* Iteration    4 ********
Forming HF Coulomb and exchange matrices ... done (3.01 s)

DIIS error too large, not using DIIS extrapolation.
Performing ADIIS interpolation of Fock operator ... done (0.00 s)

Solving SCF equations ... done (0.01 s)
HOMO-LUMO gap is   11.48 eV. Energies of lowest lying states:
   -20.782957*   -20.725179*   -20.629298*   -20.564854*   -11.370475*
   -11.364032*   -11.300409*   -11.289296*   -11.280776*   -11.270603*
   -11.261015*   -11.221693*   -11.220896*    -1.518502*    -1.488707*
    -1.405670*    -1.388200*    -1.175883*    -1.056416*    -1.045290*
    -1.001232*    -0.903318*    -0.857728*    -0.815582*    -0.787981*
    -0.744431*    -0.734723*    -0.711809*    -0.691711*    -0.675075*
    -0.670115*    -0.647307*    -0.628788*    -0.619156*    -0.590444*
    -0.584036*    -0.555609*    -0.553447*    -0.531674*    -0.524377*
    -0.512092*    -0.500701*    -0.497699*    -0.478008*    -0.473230*
    -0.359072*    -0.347495*     0.074274      0.128196      0.158441 
     0.214956      0.219904      0.230912      0.260359      0.280326 

Dipole:	x		y		z		dipole change
	-0.56464726	 0.69753579	-1.24677102	 7.996034e-01
Energy:	electronic	total		virial		energy change
	-1427.28782729	-644.62665166	 1.00175888	-0.437588
	kinetic		nuclear		Coulomb		Exchange
	 643.49482111	-3077.41809710	 1088.76121076	-82.12576205
Errors:	Max dens	RMS dens	DIIS
	 1.195556e-01	 5.869038e-03	 1.148165e-01

Iteration took 3.06 s.

 ******* Iteration    5 ********
Forming HF Coulomb and exchange matrices ... done (3.02 s)

DIIS error too large, not using DIIS extrapolation.
Performing ADIIS interpolation of Fock operator ... done (0.00 s)

Solving SCF equations ... done (0.01 s)
HOMO-LUMO gap is   11.57 eV. Energies of lowest lying states:
   -20.648906*   -20.645562*   -20.567985*   -20.554158*   -11.435157*
   -11.431418*   -11.351459*   -11.290608*   -11.273051*   -11.270227*
   -11.265311*   -11.256697*   -11.252323*    -1.507634*    -1.493432*
    -1.395624*    -1.382266*    -1.187036*    -1.072435*    -1.060129*
    -1.017400*    -0.920586*    -0.872265*    -0.831181*    -0.799339*
    -0.732851*    -0.721332*    -0.703299*    -0.697488*    -0.677512*
    -0.666231*    -0.652854*    -0.634217*    -0.624151*    -0.598073*
    -0.587990*    -0.569606*    -0.563940*    -0.533142*    -0.523582*
    -0.523171*    -0.484724*    -0.477725*    -0.463598*    -0.455527*
    -0.367288*    -0.355584*     0.069436      0.120345      0.152056 
     0.211372      0.214404      0.227939      0.249329      0.279663 

Dipole:	x		y		z		dipole change
	-0.11724424	 0.61448072	-0.85216934	-4.790401e-01
Energy:	electronic	total		virial		energy change
	-1427.29767513	-644.63649950	 0.99915459	-0.00984785
	kinetic		nuclear		Coulomb		Exchange
	 645.18193958	-3078.95917482	 1088.88762702	-82.40806691
Errors:	Max dens	RMS dens	DIIS
	 6.436044e-02	 2.840947e-03	 1.011621e-01

Iteration took 3.07 s.

 ******* Iteration    6 ********
Restarting Fock matrix formation from scratch.
Forming HF Coulomb and exchange matrices ... done (3.01 s)

Using DIIS extrapolated Fock operator.
DIIS weights
   1.0231   0.1164  -0.1003  -0.0350  -0.0046   0.0004

Solving SCF equations ... done (0.01 s)
HOMO-LUMO gap is   11.59 eV. Energies of lowest lying states:
   -20.630746*   -20.629227*   -20.581492*   -20.575260*   -11.424136*
   -11.420282*   -11.340808*   -11.282117*   -11.272534*   -11.271534*
   -11.262427*   -11.258944*   -11.246160*    -1.503264*    -1.486740*
    -1.393810*    -1.382373*    -1.183952*    -1.069486*    -1.056380*
    -1.014350*    -0.916972*    -0.868311*    -0.826832*    -0.795153*
    -0.730197*    -0.719385*    -0.700991*    -0.694090*    -0.675356*
    -0.665348*    -0.648657*    -0.632492*    -0.623082*    -0.596582*
    -0.585212*    -0.567281*    -0.561002*    -0.531835*    -0.523080*
    -0.520213*    -0.485218*    -0.475610*    -0.466908*    -0.456914*
    -0.365771*    -0.353273*     0.072766      0.122637      0.156435 
     0.213066      0.216893      0.228519      0.251146      0.279894 

Dipole:	x		y		z		dipole change
	-0.18007348	 0.62523561	-0.91212853	 6.328192e-02
Energy:	electronic	total		virial		energy change
	-1427.32182925	-644.66065362	 1.00034086	-0.0241541
	kinetic		nuclear		Coulomb		Exchange
	 644.44098939	-3078.54396191	 1089.07073538	-82.28959212
Errors:	Max dens	RMS dens	DIIS
	 8.429842e-03	 5.276661e-04	 1.099595e-02

Iteration took 3.06 s.

 ******* Iteration    7 ********
Forming HF Coulomb and exchange matrices ... done (3.02 s)

Using DIIS extrapolated Fock operator.
DIIS weights
   1.0999e+00   1.3789e-02  -7.2765e-02  -5.3271e-02   7.6909e-03   4.6608e-03  -4.1592e-05

Solving SCF equations ... done (0.01 s)
HOMO-LUMO gap is   11.60 eV. Energies of lowest lying states:
   -20.635623*   -20.629702*   -20.579700*   -20.574860*   -11.423285*
   -11.420191*   -11.342741*   -11.282826*   -11.273206*   -11.273115*
   -11.264601*   -11.260203*   -11.249115*    -1.503322*    -1.487826*
    -1.394025*    -1.382187*    -1.184800*    -1.070160*    -1.057255*
    -1.015207*    -0.917457*    -0.869189*    -0.827460*    -0.795840*
    -0.730566*    -0.719727*    -0.701305*    -0.694716*    -0.675908*
    -0.665727*    -0.648531*    -0.632989*    -0.623560*    -0.596686*
    -0.585835*    -0.568017*    -0.562012*    -0.532470*    -0.523421*
    -0.520868*    -0.485308*    -0.476120*    -0.466981*    -0.457144*
    -0.366316*    -0.353929*     0.072342      0.121998      0.156082 
     0.212834      0.216553      0.228236      0.250791      0.279662 

Dipole:	x		y		z		dipole change
	-0.17646036	 0.62489186	-0.90527556	-6.342643e-03
Energy:	electronic	total		virial		energy change
	-1427.32236308	-644.66118745	 1.00031526	-0.000533834
	kinetic		nuclear		Coulomb		Exchange
	 644.45801291	-3078.46457769	 1088.98302085	-82.29881915
Errors:	Max dens	RMS dens	DIIS
	 1.814764e-03	 8.474262e-05	 1.957447e-03

Iteration took 3.07 s.

 ******* Iteration    8 ********
Forming HF Coulomb and exchange matrices ... done (3.02 s)

Using DIIS extrapolated Fock operator.
DIIS weights
   8.8478e-01   2.4091e-01  -9.9696e-02  -2.9661e-02  -3.3170e-03   5.2305e-03   1.7852e-03  -3.0222e-05

Solving SCF equations ... done (0.01 s)
HOMO-LUMO gap is   11.60 eV. Energies of lowest lying states:
   -20.634545*   -20.630718*   -20.581351*   -20.574232*   -11.424402*
   -11.420436*   -11.342540*   -11.283275*   -11.273564*   -11.272918*
   -11.264250*   -11.260235*   -11.248706*    -1.503642*    -1.487791*
    -1.394353*    -1.382337*    -1.184846*    -1.070250*    -1.057229*
    -1.015164*    -0.917655*    -0.869141*    -0.827564*    -0.795899*
    -0.730745*    -0.719779*    -0.701485*    -0.694796*    -0.675940*
    -0.665726*    -0.648840*    -0.633014*    -0.623597*    -0.596796*
    -0.585912*    -0.567931*    -0.561927*    -0.532472*    -0.523493*
    -0.520936*    -0.485475*    -0.476267*    -0.466944*    -0.457576*
    -0.366402*    -0.353920*     0.072234      0.121982      0.155920 
     0.212736      0.216410      0.228250      0.250832      0.279668 

Dipole:	x		y		z		dipole change
	-0.17617319	 0.62558987	-0.90811882	 2.657130e-03
Energy:	electronic	total		virial		energy change
	-1427.32237697	-644.66120134	 1.00029255	-1.38849e-05
	kinetic		nuclear		Coulomb		Exchange
	 644.47266012	-3078.50699527	 1089.01349919	-82.30154101
Errors:	Max dens	RMS dens	DIIS
	 5.507759e-04	 3.433493e-05	 5.900568e-04

Iteration took 3.08 s.

 ******* Iteration    9 ********
Forming HF Coulomb and exchange matrices ... done (3.03 s)

Using DIIS extrapolated Fock operator.
DIIS weights
   9.9928e-01   1.4453e-01  -1.3969e-01  -2.0060e-02   7.6737e-03   9.0315e-03  -3.6507e-04  -4.0277e-04   3.7700e-06

Solving SCF equations ... done (0.01 s)
HOMO-LUMO gap is   11.60 eV. Energies of lowest lying states:
   -20.634623*   -20.630390*   -20.580676*   -20.574530*   -11.424342*
   -11.420633*   -11.342425*   -11.283008*   -11.273391*   -11.272895*
   -11.264226*   -11.260146*   -11.248556*    -1.503578*    -1.487769*
    -1.394224*    -1.382310*    -1.184780*    -1.070199*    -1.057200*
    -1.015136*    -0.917604*    -0.869117*    -0.827507*    -0.795858*
    -0.730689*    -0.719753*    -0.701408*    -0.694743*    -0.675902*
    -0.665705*    -0.648789*    -0.632978*    -0.623557*    -0.596741*
    -0.585845*    -0.567903*    -0.561927*    -0.532435*    -0.523435*
    -0.520890*    -0.485522*    -0.476207*    -0.466894*    -0.457424*
    -0.366380*    -0.353891*     0.072274      0.122019      0.155996 
     0.212771      0.216459      0.228249      0.250842      0.279664 

Dipole:	x		y		z		dipole change
	-0.17601709	 0.62622528	-0.90708398	-5.096441e-04
Energy:	electronic	total		virial		energy change
	-1427.32237882	-644.66120319	 1.00028959	-1.85184e-06
	kinetic		nuclear		Coulomb		Exchange
	 644.47456774	-3078.51278550	 1089.01763978	-82.30180084
Errors:	Max dens	RMS dens	DIIS
	 3.188639e-04	 1.212545e-05	 2.470255e-04

Iteration took 3.09 s.

 ******* Iteration   10 ********
Forming HF Coulomb and exchange matrices ... done (3.04 s)

Using DIIS extrapolated Fock operator.
DIIS weights
   1.0224e+00   1.5423e-01  -1.4496e-01  -5.2020e-02   1.4478e-02   5.6058e-03   1.5235e-03  -8.7977e-04  -3.4411e-04   5.6902e-06

Solving SCF equations ... done (0.01 s)
HOMO-LUMO gap is   11.60 eV. Energies of lowest lying states:
   -20.634620*   -20.630360*   -20.580849*   -20.574283*   -11.424223*
   -11.420433*   -11.342502*   -11.283076*   -11.273416*   -11.272946*
   -11.264293*   -11.260186*   -11.248621*    -1.503522*    -1.487754*
    -1.394246*    -1.382227*    -1.184818*    -1.070222*    -1.057211*
    -1.015148*    -0.917607*    -0.869129*    -0.827515*    -0.795861*
    -0.730690*    -0.719717*    -0.701419*    -0.694744*    -0.675900*
    -0.665697*    -0.648755*    -0.632989*    -0.623572*    -0.596704*
    -0.585860*    -0.567909*    -0.561935*    -0.532455*    -0.523450*
    -0.520908*    -0.485492*    -0.476209*    -0.466805*    -0.457462*
    -0.366408*    -0.353924*     0.072266      0.121992      0.156019 
     0.212780      0.216482      0.228241      0.250844      0.279655 

Dipole:	x		y		z		dipole change
	-0.17585389	 0.62613151	-0.90719586	 1.260111e-05
Energy:	electronic	total		virial		energy change
	-1427.32237918	-644.66120355	 1.00029169	-3.60404e-07
	kinetic		nuclear		Coulomb		Exchange
	 644.47321462	-3078.50888809	 1089.01486698	-82.30157268
Errors:	Max dens	RMS dens	DIIS
	 1.511209e-04	 7.314702e-06	 1.166396e-04

Iteration took 3.09 s.

 ******* Iteration   11 ********
Restarting Fock matrix formation from scratch.
Forming HF Coulomb and exchange matrices ... done (3.03 s)

Using DIIS extrapolated Fock operator.
DIIS weights
   1.2090e+00  -7.1508e-02  -1.4317e-01  -1.9259e-02   2.6010e-02   2.1486e-03  -1.8178e-03  -1.6780e-03   1.3345e-04   9.1789e-05

Solving SCF equations ... done (0.01 s)
HOMO-LUMO gap is   11.60 eV. Energies of lowest lying states:
   -20.634607*   -20.630431*   -20.580846*   -20.574337*   -11.424274*
   -11.420490*   -11.342469*   -11.283096*   -11.273450*   -11.272921*
   -11.264257*   -11.260193*   -11.248626*    -1.503553*    -1.487762*
    -1.394257*    -1.382260*    -1.184817*    -1.070224*    -1.057214*
    -1.015150*    -0.917617*    -0.869129*    -0.827521*    -0.795866*
    -0.730700*    -0.719732*    -0.701426*    -0.694749*    -0.675907*
    -0.665701*    -0.648778*    -0.632991*    -0.623575*    -0.596722*
    -0.585865*    -0.567910*    -0.561935*    -0.532455*    -0.523451*
    -0.520910*    -0.485516*    -0.476212*    -0.466815*    -0.457470*
    -0.366409*    -0.353920*     0.072252      0.121994      0.156000 
     0.212770      0.216466      0.228243      0.250843      0.279656 

Dipole:	x		y		z		dipole change
	-0.17584378	 0.62643365	-0.90728557	 2.408143e-04
Energy:	electronic	total		virial		energy change
	-1427.32237925	-644.66120362	 1.00029142	-6.4927e-08
	kinetic		nuclear		Coulomb		Exchange
	 644.47339413	-3078.50918578	 1089.01501727	-82.30160486
Errors:	Max dens	RMS dens	DIIS
	 5.398257e-05	 2.738260e-06	 2.444645e-05

Iteration took 3.08 s.

 ******* Iteration   12 ********
Forming HF Coulomb and exchange matrices ... done (3.03 s)

Using DIIS extrapolated Fock operator.
DIIS weights
   1.0083e+00   9.9223e-02  -1.0311e-01  -1.2681e-02   7.5049e-03   1.6443e-03  -7.1968e-04  -1.8290e-04   1.4459e-05   2.2767e-05

Solving SCF equations ... done (0.01 s)
HOMO-LUMO gap is   11.60 eV. Energies of lowest lying states:
   -20.634616*   -20.630409*   -20.580860*   -20.574312*   -11.424289*
   -11.420488*   -11.342484*   -11.283077*   -11.273428*   -11.272938*
   -11.264281*   -11.260187*   -11.248610*    -1.503548*    -1.487765*
    -1.394261*    -1.382251*    -1.184817*    -1.070225*    -1.057213*
    -1.015148*    -0.917617*    -0.869130*    -0.827521*    -0.795867*
    -0.730700*    -0.719728*    -0.701429*    -0.694750*    -0.675906*
    -0.665701*    -0.648773*    -0.632991*    -0.623574*    -0.596717*
    -0.585868*    -0.567906*    -0.561935*    -0.532456*    -0.523451*
    -0.520909*    -0.485510*    -0.476212*    -0.466805*    -0.457473*
    -0.366409*    -0.353921*     0.072252      0.121993      0.156000 
     0.212772      0.216466      0.228242      0.250844      0.279655 

Dipole:	x		y		z		dipole change
	-0.17579930	 0.62635834	-0.90724470	-8.246914e-05
Energy:	electronic	total		virial		energy change
	-1427.32237925	-644.66120363	 1.00029122	-8.93488e-09
	kinetic		nuclear		Coulomb		Exchange
	 644.47352253	-3078.50946705	 1089.01518561	-82.30162035
Errors:	Max dens	RMS dens	DIIS
	 1.348091e-05	 9.543446e-07	 1.064303e-05

Iteration took 3.09 s.

 ******* Iteration   13 ********
Forming HF Coulomb and exchange matrices ... done (3.01 s)

Using DIIS extrapolated Fock operator.
DIIS weights
   9.5257e-01   2.0167e-01  -1.5065e-01  -2.3052e-02   1.5503e-02   5.6453e-03  -1.5671e-03  -2.9929e-04   7.7166e-05   1.0291e-04

Solving SCF equations ... done (0.01 s)
HOMO-LUMO gap is   11.60 eV. Energies of lowest lying states:
   -20.634613*   -20.630415*   -20.580855*   -20.574312*   -11.424280*
   -11.420481*   -11.342479*   -11.283083*   -11.273437*   -11.272930*
   -11.264270*   -11.260188*   -11.248613*    -1.503547*    -1.487762*
    -1.394258*    -1.382250*    -1.184816*    -1.070223*    -1.057212*
    -1.015147*    -0.917616*    -0.869129*    -0.827521*    -0.795866*
    -0.730699*    -0.719728*    -0.701427*    -0.694748*    -0.675906*
    -0.665700*    -0.648773*    -0.632991*    -0.623574*    -0.596717*
    -0.585866*    -0.567907*    -0.561934*    -0.532455*    -0.523450*
    -0.520908*    -0.485509*    -0.476209*    -0.466804*    -0.457472*
    -0.366408*    -0.353920*     0.072252      0.121994      0.156002 
     0.212772      0.216467      0.228242      0.250844      0.279656 

Dipole:	x		y		z		dipole change
	-0.17580970	 0.62640021	-0.90725630	 3.455816e-05
Energy:	electronic	total		virial		energy change
	-1427.32237926	-644.66120363	 1.00029135	-1.02227e-09
	kinetic		nuclear		Coulomb		Exchange
	 644.47343774	-3078.50932516	 1089.01511582	-82.30160766
Errors:	Max dens	RMS dens	DIIS
	 3.903977e-06	 2.807436e-07	 4.419430e-06

Iteration took 3.06 s.

 ******* Iteration   14 ********
Forming HF Coulomb and exchange matrices ... done (3.01 s)

Using DIIS extrapolated Fock operator.
DIIS weights
   1.2560e+00  -1.5690e-01  -1.2457e-01   1.5041e-02   1.2648e-02  -4.8880e-04  -1.5517e-03  -1.6881e-04   1.0980e-05   4.2656e-06

Solving SCF equations ... done (0.01 s)
HOMO-LUMO gap is   11.60 eV. Energies of lowest lying states:
   -20.634613*   -20.630415*   -20.580857*   -20.574313*   -11.424282*
   -11.420483*   -11.342480*   -11.283084*   -11.273436*   -11.272933*
   -11.264273*   -11.260189*   -11.248616*    -1.503547*    -1.487763*
    -1.394259*    -1.382250*    -1.184817*    -1.070224*    -1.057213*
    -1.015148*    -0.917616*    -0.869130*    -0.827521*    -0.795866*
    -0.730699*    -0.719728*    -0.701428*    -0.694749*    -0.675906*
    -0.665701*    -0.648773*    -0.632991*    -0.623574*    -0.596718*
    -0.585867*    -0.567908*    -0.561935*    -0.532455*    -0.523451*
    -0.520909*    -0.485510*    -0.476210*    -0.466804*    -0.457473*
    -0.366409*    -0.353920*     0.072252      0.121994      0.156002 
     0.212772      0.216467      0.228242      0.250844      0.279655 

Dipole:	x		y		z		dipole change
	-0.17580661	 0.62639238	-0.90725315	-7.440009e-06
Energy:	electronic	total		virial		energy change
	-1427.32237926	-644.66120363	 1.00029136	-1.91903e-10
	kinetic		nuclear		Coulomb		Exchange
	 644.47343259	-3078.50930601	 1089.01510196	-82.30160780
Errors:	Max dens	RMS dens	DIIS
	 1.267084e-06	 1.104897e-07	 7.539656e-07

Iteration took 3.06 s.

 ******* Iteration   15 ********
Forming HF Coulomb and exchange matrices ... done (3.01 s)

Using DIIS extrapolated Fock operator.
DIIS weights
   9.8673e-01   1.3093e-01  -9.7706e-02  -2.9712e-02   8.0328e-03   2.3755e-03  -4.9061e-04  -1.9482e-04   4.3341e-05  -3.5254e-06

Solving SCF equations ... done (0.01 s)
HOMO-LUMO gap is   11.60 eV. Energies of lowest lying states:
   -20.634614*   -20.630415*   -20.580857*   -20.574313*   -11.424282*
   -11.420483*   -11.342480*   -11.283083*   -11.273437*   -11.272932*
   -11.264272*   -11.260188*   -11.248614*    -1.503547*    -1.487763*
    -1.394259*    -1.382250*    -1.184816*    -1.070224*    -1.057212*
    -1.015148*    -0.917616*    -0.869129*    -0.827521*    -0.795866*
    -0.730699*    -0.719728*    -0.701428*    -0.694749*    -0.675906*
    -0.665700*    -0.648773*    -0.632991*    -0.623574*    -0.596718*
    -0.585867*    -0.567907*    -0.561934*    -0.532455*    -0.523451*
    -0.520909*    -0.485509*    -0.476210*    -0.466804*    -0.457473*
    -0.366409*    -0.353920*     0.072252      0.121994      0.156002 
     0.212772      0.216467      0.228242      0.250844      0.279655 

Dipole:	x		y		z		dipole change
	-0.17580764	 0.62639572	-0.90725373	 2.502814e-06
Energy:	electronic	total		virial		energy change
	-1427.32237926	-644.66120363	 1.00029134	-2.00089e-11
	kinetic		nuclear		Coulomb		Exchange
	 644.47344057	-3078.50933801	 1089.01512687	-82.30160868
Errors:	Max dens	RMS dens	DIIS
	 5.068872e-07	 4.022828e-08	 3.813552e-07

Iteration took 3.06 s.

 ******* Iteration   16 ********
Restarting Fock matrix formation from scratch.
Forming HF Coulomb and exchange matrices ... done (3.02 s)

Using DIIS extrapolated Fock operator.
DIIS weights
   1.1410e+00   7.0310e-02  -2.2859e-01  -1.7231e-03   1.8364e-02   2.3801e-03  -1.3468e-03  -5.4083e-04   7.6336e-05   8.0900e-05

Solving SCF equations ... done (0.01 s)
HOMO-LUMO gap is   11.60 eV. Energies of lowest lying states:
   -20.634613*   -20.630415*   -20.580856*   -20.574312*   -11.424281*
   -11.420483*   -11.342480*   -11.283083*   -11.273437*   -11.272932*
   -11.264272*   -11.260188*   -11.248615*    -1.503547*    -1.487763*
    -1.394259*    -1.382250*    -1.184817*    -1.070224*    -1.057212*
    -1.015148*    -0.917616*    -0.869129*    -0.827521*    -0.795866*
    -0.730699*    -0.719728*    -0.701428*    -0.694749*    -0.675906*
    -0.665700*    -0.648773*    -0.632991*    -0.623574*    -0.596718*
    -0.585867*    -0.567908*    -0.561934*    -0.532455*    -0.523451*
    -0.520909*    -0.485509*    -0.476209*    -0.466804*    -0.457473*
    -0.366409*    -0.353920*     0.072252      0.121994      0.156002 
     0.212772      0.216467      0.228242      0.250844      0.279655 

Dipole:	x		y		z		dipole change
	-0.17580732	 0.62639430	-0.90725301	-1.433646e-06
Energy:	electronic	total		virial		energy change
	-1427.32237926	-644.66120363	 1.00029135	-3.63798e-12
	kinetic		nuclear		Coulomb		Exchange
	 644.47343908	-3078.50933153	 1089.01512171	-82.30160851
Errors:	Max dens	RMS dens	DIIS
	 2.894817e-07	 2.391342e-08	 2.453145e-07

Iteration took 3.07 s.

 ******* Iteration   17 ********
Forming HF Coulomb and exchange matrices ... done (3.02 s)

Using DIIS extrapolated Fock operator.
DIIS weights
   1.1794e+00  -2.9685e-02  -1.5243e-01  -1.9433e-02   1.7840e-02   6.5432e-03  -1.9617e-03  -5.1067e-04   1.2097e-04   8.0657e-05

Solving SCF equations ... done (0.01 s)
HOMO-LUMO gap is   11.60 eV. Energies of lowest lying states:
   -20.634613*   -20.630415*   -20.580857*   -20.574313*   -11.424281*
   -11.420483*   -11.342480*   -11.283083*   -11.273437*   -11.272932*
   -11.264272*   -11.260188*   -11.248615*    -1.503547*    -1.487763*
    -1.394259*    -1.382250*    -1.184817*    -1.070224*    -1.057212*
    -1.015148*    -0.917616*    -0.869129*    -0.827521*    -0.795866*
    -0.730699*    -0.719728*    -0.701428*    -0.694749*    -0.675906*
    -0.665700*    -0.648773*    -0.632991*    -0.623574*    -0.596718*
    -0.585867*    -0.567908*    -0.561934*    -0.532455*    -0.523451*
    -0.520909*    -0.485509*    -0.476209*    -0.466804*    -0.457473*
    -0.366409*    -0.353920*     0.072252      0.121994      0.156002 
     0.212772      0.216467      0.228242      0.250844      0.279655 

Dipole:	x		y		z		dipole change
	-0.17580749	 0.62639479	-0.90725334	 5.763236e-07
Energy:	electronic	total		virial		energy change
	-1427.32237926	-644.66120363	 1.00029135	-1.36424e-12
	kinetic		nuclear		Coulomb		Exchange
	 644.47343779	-3078.50932872	 1089.01512002	-82.30160834
Errors:	Max dens	RMS dens	DIIS
	 9.449189e-08	 9.004834e-09	 9.066508e-08

Iteration took 3.07 s.

 ******* Iteration   18 ********
Forming HF Coulomb and exchange matrices ... done (3.02 s)

Using DIIS extrapolated Fock operator.
DIIS weights
   1.2065e-01   9.9125e-01  -1.1266e-01  -1.6874e-02   1.7853e-02   1.7609e-03  -1.4721e-03  -6.3448e-04   8.0334e-05   3.9012e-05

Solving SCF equations ... done (0.01 s)
HOMO-LUMO gap is   11.60 eV. Energies of lowest lying states:
   -20.634613*   -20.630415*   -20.580857*   -20.574313*   -11.424281*
   -11.420483*   -11.342480*   -11.283083*   -11.273437*   -11.272932*
   -11.264272*   -11.260188*   -11.248615*    -1.503547*    -1.487763*
    -1.394259*    -1.382250*    -1.184817*    -1.070224*    -1.057212*
    -1.015148*    -0.917616*    -0.869129*    -0.827521*    -0.795866*
    -0.730699*    -0.719728*    -0.701428*    -0.694749*    -0.675906*
    -0.665700*    -0.648773*    -0.632991*    -0.623574*    -0.596718*
    -0.585867*    -0.567908*    -0.561934*    -0.532455*    -0.523451*
    -0.520909*    -0.485509*    -0.476209*    -0.466804*    -0.457473*
    -0.366409*    -0.353920*     0.072252      0.121994      0.156002 
     0.212772      0.216467      0.228242      0.250844      0.279655 

Dipole:	x		y		z		dipole change
	-0.17580721	 0.62639465	-0.90725314	-2.841320e-07
Energy:	electronic	total		virial		energy change
	-1427.32237926	-644.66120363	 1.00029135	 0
	kinetic		nuclear		Coulomb		Exchange
	 644.47343858	-3078.50933029	 1089.01512093	-82.30160847
Errors:	Max dens	RMS dens	DIIS
	 5.409732e-08	 3.011681e-09	 6.124177e-08

Iteration took 3.07 s.

 ******* Convergence achieved ********
Dipole moment is (-0.446857,1.592136,-2.306007) D, |mu|=2.837648 D.
Solution of RHF took 55.32 s.

Mulliken charges
   1 C           -0.157182
   2 C           -0.195646
   3 C           -0.214378
   4 C           -0.166686
   5 C           -0.518813
   6 C           -0.121955
   7 C            0.383986
   8 O           -0.560421
   9 O           -0.540444
  10 O           -0.719332
  11 C            0.780313
  12 C            0.747626
  13 O           -0.729370
  14 H            0.444944
  15 H            0.272050
  16 H            0.231434
  17 H            0.218580
  18 H            0.224355
  19 H            0.217248
  20 H            0.202352
  21 H            0.201340
Sum of Mulliken charges 6.283862e-14

Electron density at nuclei
   1 C          118.325613
   2 C          118.305075
   3 C          118.298407
   4 C          118.330978
   5 C          118.261002
   6 C          118.255949
   7 C          118.248569
   8 O          291.532904
   9 O          291.583409
  10 O          291.313357
  11 C          118.273677
  12 C          118.316821
  13 O          291.369483
  14 H            0.383120
  15 H            0.415901
  16 H            0.419543
  17 H            0.422990
  18 H            0.423991
  19 H            0.414243
  20 H            0.418851
  21 H            0.416688
Computed energy -644.66120363 in 2 min 18.06 s.
Found    energy -644.66120363 in checkpoint file and calculated forces (max = 4.568e-02, rms = 2.204e-02) in 2 min 40.18 s.

Geometry iteration 1
Computed energy -644.66309293 in 2 min 0.93 s.
Found    energy -644.66309293 in checkpoint file and calculated forces (max = 4.243e-02, rms = 1.925e-02) in 2 min 39.64 s.
Computed energy -644.66869765 in 2 min 6.14 s.
Found    energy -644.66869765 in checkpoint file and calculated forces (max = 2.775e-02, rms = 1.349e-02) in 2 min 40.05 s.

Geometry iteration 2
Computed energy -644.65966878 in 2 min 9.47 s.
Computed energy -644.67103154 in 2 min 9.07 s.
Found    energy -644.67103154 in checkpoint file and calculated forces (max = 1.944e-02, rms = 6.973e-03) in 2 min 39.72 s.

Geometry iteration 3
Computed energy -644.66690296 in 2 min 6.66 s.
Computed energy -644.67166063 in 2 min 6.34 s.
Found    energy -644.67166063 in checkpoint file and calculated forces (max = 1.271e-02, rms = 5.399e-03) in 2 min 40.06 s.

Geometry iteration 4
Computed energy -644.67240404 in 2 min 3.82 s.
Found    energy -644.67240404 in checkpoint file and calculated forces (max = 7.643e-03, rms = 4.078e-03) in 2 min 40.00 s.
Computed energy -644.67212850 in 2 min 3.97 s.
Computed energy -644.67243032 in 2 min 3.57 s.
Found    energy -644.67243032 in checkpoint file and calculated forces (max = 1.044e-02, rms = 4.832e-03) in 2 min 40.24 s.

Geometry iteration 5
Computed energy -644.67243014 in 2 min 3.71 s.
Computed energy -644.67281346 in 2 min 3.55 s.
Found    energy -644.67281346 in checkpoint file and calculated forces (max = 5.195e-03, rms = 3.316e-03) in 2 min 40.26 s.

Geometry iteration 6
Computed energy -644.67279395 in 2 min 3.55 s.
Computed energy -644.67300093 in 2 min 3.73 s.
Found    energy -644.67300093 in checkpoint file and calculated forces (max = 6.811e-03, rms = 2.863e-03) in 2 min 39.85 s.

Geometry iteration 7
Computed energy -644.67318223 in 2 min 3.65 s.
Found    energy -644.67318223 in checkpoint file and calculated forces (max = 5.425e-03, rms = 2.096e-03) in 2 min 39.96 s.

Geometry iteration 8
Computed energy -644.67299017 in 2 min 3.73 s.
Computed energy -644.67324089 in 2 min 3.42 s.
Found    energy -644.67324089 in checkpoint file and calculated forces (max = 3.745e-03, rms = 1.741e-03) in 2 min 40.12 s.

Geometry iteration 9
Computed energy -644.67332177 in 2 min 1.08 s.
Found    energy -644.67332177 in checkpoint file and calculated forces (max = 2.300e-03, rms = 1.234e-03) in 2 min 39.83 s.
Computed energy -644.67332986 in 2 min 0.57 s.
Found    energy -644.67332986 in checkpoint file and calculated forces (max = 3.645e-03, rms = 2.147e-03) in 2 min 39.60 s.
Computed energy -644.67333536 in 1 min 57.89 s.
Found    energy -644.67333536 in checkpoint file and calculated forces (max = 2.971e-03, rms = 1.692e-03) in 2 min 39.80 s.

Geometry iteration 10
Computed energy -644.67344310 in 2 min 3.02 s.
Found    energy -644.67344310 in checkpoint file and calculated forces (max = 2.799e-03, rms = 1.648e-03) in 2 min 39.49 s.
Computed energy -644.67338947 in 2 min 3.68 s.
Computed energy -644.67344533 in 2 min 0.42 s.
Found    energy -644.67344533 in checkpoint file and calculated forces (max = 3.528e-03, rms = 1.901e-03) in 2 min 39.71 s.

Geometry iteration 11
Computed energy -644.67352007 in 2 min 3.47 s.
Found    energy -644.67352007 in checkpoint file and calculated forces (max = 7.112e-03, rms = 3.088e-03) in 2 min 39.55 s.
Computed energy -644.67352860 in 1 min 57.51 s.
Found    energy -644.67352860 in checkpoint file and calculated forces (max = 4.881e-03, rms = 2.299e-03) in 2 min 39.64 s.

Geometry iteration 12
Computed energy -644.67362932 in 2 min 3.16 s.
Found    energy -644.67362932 in checkpoint file and calculated forces (max = 2.828e-03, rms = 1.657e-03) in 2 min 38.95 s.
Computed energy -644.67359897 in 2 min 3.45 s.
Computed energy -644.67363400 in 2 min 0.62 s.
Found    energy -644.67363400 in checkpoint file and calculated forces (max = 3.398e-03, rms = 2.010e-03) in 2 min 39.44 s.

Geometry iteration 13
Computed energy -644.67370955 in 2 min 3.36 s.
Found    energy -644.67370955 in checkpoint file and calculated forces (max = 5.159e-03, rms = 2.803e-03) in 2 min 38.99 s.
Computed energy -644.67371620 in 1 min 57.67 s.
Found    energy -644.67371620 in checkpoint file and calculated forces (max = 3.614e-03, rms = 2.136e-03) in 2 min 39.45 s.

Geometry iteration 14
Computed energy -644.67384565 in 2 min 0.38 s.
Found    energy -644.67384565 in checkpoint file and calculated forces (max = 3.063e-03, rms = 1.723e-03) in 2 min 39.55 s.
Computed energy -644.67391012 in 2 min 0.52 s.
Found    energy -644.67391012 in checkpoint file and calculated forces (max = 4.901e-03, rms = 2.840e-03) in 2 min 39.39 s.

Geometry iteration 15
Computed energy -644.67410812 in 2 min 3.30 s.
Found    energy -644.67410812 in checkpoint file and calculated forces (max = 6.067e-03, rms = 2.803e-03) in 2 min 39.19 s.

Geometry iteration 16
Computed energy -644.67428580 in 2 min 3.18 s.
Found    energy -644.67428580 in checkpoint file and calculated forces (max = 4.735e-03, rms = 2.553e-03) in 2 min 38.87 s.
Computed energy -644.67428787 in 1 min 57.18 s.
Found    energy -644.67428787 in checkpoint file and calculated forces (max = 4.504e-03, rms = 2.300e-03) in 2 min 38.56 s.

Geometry iteration 17
Computed energy -644.67438746 in 2 min 3.19 s.
Found    energy -644.67438746 in checkpoint file and calculated forces (max = 9.007e-03, rms = 3.810e-03) in 2 min 38.81 s.
Computed energy -644.67441202 in 2 min 0.40 s.
Found    energy -644.67441202 in checkpoint file and calculated forces (max = 5.727e-03, rms = 2.538e-03) in 2 min 38.75 s.

Geometry iteration 18
Computed energy -644.67454337 in 2 min 3.05 s.
Found    energy -644.67454337 in checkpoint file and calculated forces (max = 5.166e-03, rms = 2.291e-03) in 2 min 38.61 s.

Geometry iteration 19
Computed energy -644.67464870 in 2 min 3.08 s.
Found    energy -644.67464870 in checkpoint file and calculated forces (max = 3.844e-03, rms = 2.484e-03) in 2 min 38.44 s.
Computed energy -644.67465287 in 1 min 57.31 s.
Found    energy -644.67465287 in checkpoint file and calculated forces (max = 3.388e-03, rms = 2.069e-03) in 2 min 38.39 s.

Geometry iteration 20
Computed energy -644.67479905 in 2 min 2.85 s.
Found    energy -644.67479905 in checkpoint file and calculated forces (max = 2.398e-03, rms = 1.528e-03) in 2 min 38.17 s.
Computed energy -644.67479726 in 2 min 2.88 s.
Computed energy -644.67481688 in 1 min 59.78 s.
Found    energy -644.67481688 in checkpoint file and calculated forces (max = 3.769e-03, rms = 2.034e-03) in 2 min 38.04 s.

Geometry iteration 21
Computed energy -644.67478576 in 2 min 3.27 s.
Computed energy -644.67489162 in 2 min 2.49 s.
Found    energy -644.67489162 in checkpoint file and calculated forces (max = 5.737e-03, rms = 2.323e-03) in 2 min 38.31 s.

Geometry iteration 22
Computed energy -644.67499589 in 1 min 59.95 s.
Found    energy -644.67499589 in checkpoint file and calculated forces (max = 2.213e-03, rms = 1.475e-03) in 2 min 38.40 s.
Computed energy -644.67500925 in 1 min 59.81 s.
Found    energy -644.67500925 in checkpoint file and calculated forces (max = 4.610e-03, rms = 2.427e-03) in 2 min 38.42 s.
Computed energy -644.67501496 in 1 min 56.74 s.
Found    energy -644.67501496 in checkpoint file and calculated forces (max = 3.151e-03, rms = 1.942e-03) in 2 min 38.94 s.

Geometry iteration 23
Computed energy -644.67510503 in 2 min 3.13 s.
Found    energy -644.67510503 in checkpoint file and calculated forces (max = 4.691e-03, rms = 2.365e-03) in 2 min 38.89 s.
Computed energy -644.67511198 in 1 min 57.45 s.
Found    energy -644.67511198 in checkpoint file and calculated forces (max = 3.122e-03, rms = 1.820e-03) in 2 min 38.54 s.

Geometry iteration 24
Computed energy -644.67519085 in 2 min 3.03 s.
Found    energy -644.67519085 in checkpoint file and calculated forces (max = 4.661e-03, rms = 2.117e-03) in 2 min 38.58 s.
Computed energy -644.67519379 in 1 min 57.64 s.
Found    energy -644.67519379 in checkpoint file and calculated forces (max = 3.787e-03, rms = 1.758e-03) in 2 min 38.86 s.

Geometry iteration 25
Computed energy -644.67522899 in 2 min 3.44 s.
Found    energy -644.67522899 in checkpoint file and calculated forces (max = 6.347e-03, rms = 2.567e-03) in 2 min 38.91 s.
Computed energy -644.67524590 in 2 min 0.61 s.
Found    energy -644.67524590 in checkpoint file and calculated forces (max = 3.390e-03, rms = 1.502e-03) in 2 min 38.69 s.

Geometry iteration 26
Computed energy -644.67530106 in 2 min 0.49 s.
Found    energy -644.67530106 in checkpoint file and calculated forces (max = 3.312e-03, rms = 1.612e-03) in 2 min 39.10 s.

Geometry iteration 27
Computed energy -644.67536422 in 2 min 0.29 s.
Found    energy -644.67536422 in checkpoint file and calculated forces (max = 3.048e-03, rms = 1.239e-03) in 2 min 38.11 s.
Computed energy -644.67533306 in 2 min 0.37 s.
Computed energy -644.67536558 in 2 min 1.05 s.
Found    energy -644.67536558 in checkpoint file and calculated forces (max = 3.525e-03, rms = 1.399e-03) in 2 min 39.40 s.

Geometry iteration 28
Computed energy -644.67538792 in 2 min 3.23 s.
Found    energy -644.67538792 in checkpoint file and calculated forces (max = 4.816e-03, rms = 2.271e-03) in 2 min 39.45 s.
Computed energy -644.67540469 in 2 min 0.12 s.
Found    energy -644.67540469 in checkpoint file and calculated forces (max = 2.724e-03, rms = 1.259e-03) in 2 min 38.81 s.

Geometry iteration 29
Computed energy -644.67543298 in 2 min 0.64 s.
Found    energy -644.67543298 in checkpoint file and calculated forces (max = 2.351e-03, rms = 1.279e-03) in 2 min 40.21 s.
Computed energy -644.67543534 in 1 min 57.81 s.
Found    energy -644.67543534 in checkpoint file and calculated forces (max = 1.631e-03, rms = 9.637e-04) in 2 min 39.37 s.

Geometry iteration 30
Computed energy -644.67543733 in 2 min 0.69 s.
Found    energy -644.67543733 in checkpoint file and calculated forces (max = 3.834e-03, rms = 1.682e-03) in 2 min 39.14 s.
Computed energy -644.67545117 in 1 min 57.85 s.
Found    energy -644.67545117 in checkpoint file and calculated forces (max = 1.441e-03, rms = 7.361e-04) in 2 min 39.48 s.

Geometry iteration 31
Computed energy -644.67545337 in 2 min 0.90 s.
Found    energy -644.67545337 in checkpoint file and calculated forces (max = 2.930e-03, rms = 1.414e-03) in 2 min 39.79 s.
Computed energy -644.67545968 in 1 min 57.82 s.
Found    energy -644.67545968 in checkpoint file and calculated forces (max = 9.975e-04, rms = 6.777e-04) in 2 min 39.66 s.

Geometry iteration 32
Computed energy -644.67547219 in 1 min 57.73 s.
Found    energy -644.67547219 in checkpoint file and calculated forces (max = 7.745e-04, rms = 5.178e-04) in 2 min 39.57 s.
Computed energy -644.67547569 in 1 min 57.65 s.
Found    energy -644.67547569 in checkpoint file and calculated forces (max = 1.285e-03, rms = 8.171e-04) in 2 min 39.96 s.

Geometry iteration 33
Computed energy -644.67549103 in 1 min 57.88 s.
Found    energy -644.67549103 in checkpoint file and calculated forces (max = 1.333e-03, rms = 7.859e-04) in 2 min 39.96 s.

Geometry iteration 34
Computed energy -644.67550200 in 1 min 57.82 s.
Found    energy -644.67550200 in checkpoint file and calculated forces (max = 2.345e-03, rms = 1.158e-03) in 2 min 39.71 s.
Computed energy -644.67550297 in 1 min 55.18 s.
Found    energy -644.67550297 in checkpoint file and calculated forces (max = 1.632e-03, rms = 8.790e-04) in 2 min 39.47 s.

Geometry iteration 35
Computed energy -644.67551907 in 1 min 57.93 s.
Found    energy -644.67551907 in checkpoint file and calculated forces (max = 1.170e-03, rms = 6.252e-04) in 2 min 39.91 s.
Computed energy -644.67551966 in 1 min 57.88 s.
Found    energy -644.67551966 in checkpoint file and calculated forces (max = 2.208e-03, rms = 1.120e-03) in 2 min 39.78 s.
Computed energy -644.67552131 in 1 min 54.82 s.
Found    energy -644.67552131 in checkpoint file and calculated forces (max = 1.700e-03, rms = 8.368e-04) in 2 min 39.82 s.

Geometry iteration 36
Computed energy -644.67553801 in 2 min 0.54 s.
Found    energy -644.67553801 in checkpoint file and calculated forces (max = 2.079e-03, rms = 9.514e-04) in 2 min 39.40 s.

Geometry iteration 37
Computed energy -644.67555572 in 1 min 57.82 s.
Found    energy -644.67555572 in checkpoint file and calculated forces (max = 1.792e-03, rms = 8.799e-04) in 2 min 39.89 s.

Geometry iteration 38
Computed energy -644.67557723 in 2 min 0.89 s.
Found    energy -644.67557723 in checkpoint file and calculated forces (max = 1.326e-03, rms = 7.657e-04) in 2 min 39.77 s.
Computed energy -644.67557101 in 2 min 0.78 s.
Computed energy -644.67557827 in 2 min 0.45 s.
Found    energy -644.67557827 in checkpoint file and calculated forces (max = 1.620e-03, rms = 9.263e-04) in 2 min 39.84 s.

Geometry iteration 39
Computed energy -644.67558364 in 2 min 0.85 s.
Found    energy -644.67558364 in checkpoint file and calculated forces (max = 3.109e-03, rms = 1.566e-03) in 2 min 39.80 s.
Computed energy -644.67559108 in 1 min 57.91 s.
Found    energy -644.67559108 in checkpoint file and calculated forces (max = 1.461e-03, rms = 7.929e-04) in 2 min 39.92 s.

Geometry iteration 40
Computed energy -644.67560351 in 1 min 57.95 s.
Found    energy -644.67560351 in checkpoint file and calculated forces (max = 1.491e-03, rms = 6.723e-04) in 2 min 40.06 s.

Geometry iteration 41
Computed energy -644.67561406 in 1 min 57.75 s.
Found    energy -644.67561406 in checkpoint file and calculated forces (max = 1.319e-03, rms = 7.808e-04) in 2 min 40.21 s.
Computed energy -644.67561431 in 1 min 52.09 s.
Found    energy -644.67561431 in checkpoint file and calculated forces (max = 1.180e-03, rms = 6.700e-04) in 2 min 39.94 s.

Geometry iteration 42
Computed energy -644.67562149 in 1 min 58.02 s.
Found    energy -644.67562149 in checkpoint file and calculated forces (max = 1.888e-03, rms = 8.620e-04) in 2 min 39.87 s.
Computed energy -644.67562239 in 1 min 54.95 s.
Found    energy -644.67562239 in checkpoint file and calculated forces (max = 1.180e-03, rms = 6.242e-04) in 2 min 40.07 s.

Geometry iteration 43
Computed energy -644.67562843 in 1 min 57.68 s.
Found    energy -644.67562843 in checkpoint file and calculated forces (max = 1.118e-03, rms = 5.903e-04) in 2 min 40.25 s.
Computed energy -644.67562884 in 1 min 52.29 s.
Found    energy -644.67562884 in checkpoint file and calculated forces (max = 7.801e-04, rms = 4.535e-04) in 2 min 39.99 s.

Geometry iteration 44
Computed energy -644.67563336 in 1 min 57.64 s.
Found    energy -644.67563336 in checkpoint file and calculated forces (max = 1.190e-03, rms = 6.670e-04) in 2 min 39.78 s.
Computed energy -644.67563381 in 1 min 52.33 s.
Found    energy -644.67563381 in checkpoint file and calculated forces (max = 8.605e-04, rms = 5.026e-04) in 2 min 39.88 s.

Geometry iteration 45
Computed energy -644.67564032 in 1 min 58.16 s.
Found    energy -644.67564032 in checkpoint file and calculated forces (max = 7.382e-04, rms = 3.933e-04) in 2 min 39.89 s.
Computed energy -644.67563998 in 1 min 58.10 s.
Computed energy -644.67564101 in 1 min 54.96 s.
Found    energy -644.67564101 in checkpoint file and calculated forces (max = 1.024e-03, rms = 5.235e-04) in 2 min 40.22 s.

Geometry iteration 46
Computed energy -644.67564193 in 1 min 57.89 s.
Found    energy -644.67564193 in checkpoint file and calculated forces (max = 2.008e-03, rms = 9.334e-04) in 2 min 40.10 s.
Computed energy -644.67564486 in 1 min 57.87 s.
Found    energy -644.67564486 in checkpoint file and calculated forces (max = 9.708e-04, rms = 4.344e-04) in 2 min 40.12 s.

Geometry iteration 47
Computed energy -644.67564912 in 1 min 57.90 s.
Found    energy -644.67564912 in checkpoint file and calculated forces (max = 6.264e-04, rms = 3.519e-04) in 2 min 39.57 s.
Computed energy -644.67564650 in 1 min 57.97 s.
Computed energy -644.67564917 in 1 min 58.05 s.
Found    energy -644.67564917 in checkpoint file and calculated forces (max = 7.407e-04, rms = 3.904e-04) in 2 min 40.25 s.

Geometry iteration 48
Computed energy -644.67565116 in 1 min 57.82 s.
Found    energy -644.67565116 in checkpoint file and calculated forces (max = 1.129e-03, rms = 5.519e-04) in 2 min 40.03 s.
Computed energy -644.67565197 in 1 min 52.09 s.
Found    energy -644.67565197 in checkpoint file and calculated forces (max = 6.495e-04, rms = 3.320e-04) in 2 min 39.88 s.

Geometry iteration 49
Computed energy -644.67565343 in 1 min 57.78 s.
Found    energy -644.67565343 in checkpoint file and calculated forces (max = 7.969e-04, rms = 4.501e-04) in 2 min 39.80 s.
Computed energy -644.67565386 in 1 min 52.14 s.
Found    energy -644.67565386 in checkpoint file and calculated forces (max = 4.367e-04, rms = 2.845e-04) in 2 min 40.18 s.

Geometry iteration 50
Computed energy -644.67565645 in 1 min 54.96 s.
Found    energy -644.67565645 in checkpoint file and calculated forces (max = 4.568e-04, rms = 2.898e-04) in 2 min 40.12 s.
Computed energy -644.67565661 in 1 min 55.25 s.
Found    energy -644.67565661 in checkpoint file and calculated forces (max = 1.056e-03, rms = 5.468e-04) in 2 min 40.16 s.
Computed energy -644.67565684 in 1 min 52.30 s.
Found    energy -644.67565684 in checkpoint file and calculated forces (max = 7.679e-04, rms = 4.248e-04) in 2 min 40.12 s.

Geometry iteration 51
Computed energy -644.67565992 in 1 min 58.05 s.
Found    energy -644.67565992 in checkpoint file and calculated forces (max = 5.660e-04, rms = 3.442e-04) in 2 min 40.17 s.

Geometry iteration 52
Computed energy -644.67566205 in 1 min 58.00 s.
Found    energy -644.67566205 in checkpoint file and calculated forces (max = 6.168e-04, rms = 3.464e-04) in 2 min 40.03 s.
Computed energy -644.67566228 in 1 min 52.30 s.
Found    energy -644.67566228 in checkpoint file and calculated forces (max = 3.984e-04, rms = 2.534e-04) in 2 min 40.00 s.

Geometry iteration 53
Computed energy -644.67566312 in 1 min 58.05 s.
Found    energy -644.67566312 in checkpoint file and calculated forces (max = 1.082e-03, rms = 4.916e-04) in 2 min 40.04 s.
Computed energy -644.67566371 in 1 min 52.39 s.
Found    energy -644.67566371 in checkpoint file and calculated forces (max = 5.580e-04, rms = 2.829e-04) in 2 min 39.84 s.

Geometry iteration 54
Computed energy -644.67566512 in 1 min 57.87 s.
Found    energy -644.67566512 in checkpoint file and calculated forces (max = 5.058e-04, rms = 2.658e-04) in 2 min 39.82 s.

Geometry iteration 55
Computed energy -644.67566683 in 1 min 55.09 s.
Found    energy -644.67566683 in checkpoint file and calculated forces (max = 4.131e-04, rms = 2.067e-04) in 2 min 39.77 s.
Computed energy -644.67566631 in 1 min 55.11 s.
Computed energy -644.67566691 in 1 min 51.94 s.
Found    energy -644.67566691 in checkpoint file and calculated forces (max = 5.828e-04, rms = 2.538e-04) in 2 min 39.97 s.

Geometry iteration 56
Computed energy -644.67566853 in 1 min 55.06 s.
Found    energy -644.67566853 in checkpoint file and calculated forces (max = 6.724e-04, rms = 3.184e-04) in 2 min 40.03 s.

Geometry iteration 57
Computed energy -644.67567033 in 1 min 55.11 s.
Found    energy -644.67567033 in checkpoint file and calculated forces (max = 3.858e-04, rms = 2.408e-04) in 2 min 39.65 s.
Computed energy -644.67566922 in 1 min 55.00 s.
Computed energy -644.67567035 in 1 min 55.03 s.
Found    energy -644.67567035 in checkpoint file and calculated forces (max = 4.426e-04, rms = 2.691e-04) in 2 min 40.06 s.

Geometry iteration 58
Computed energy -644.67567185 in 1 min 57.78 s.
Found    energy -644.67567185 in checkpoint file and calculated forces (max = 6.062e-04, rms = 3.523e-04) in 2 min 39.86 s.
Computed energy -644.67567189 in 1 min 52.12 s.
Found    energy -644.67567189 in checkpoint file and calculated forces (max = 4.905e-04, rms = 2.961e-04) in 2 min 39.98 s.

Geometry iteration 59
Computed energy -644.67567363 in 1 min 57.96 s.
Found    energy -644.67567363 in checkpoint file and calculated forces (max = 6.144e-04, rms = 2.489e-04) in 2 min 40.07 s.
Computed energy -644.67567268 in 1 min 58.36 s.
Computed energy -644.67567366 in 1 min 54.78 s.
Found    energy -644.67567366 in checkpoint file and calculated forces (max = 6.660e-04, rms = 2.819e-04) in 2 min 39.56 s.

Geometry iteration 60
Computed energy -644.67567536 in 1 min 54.70 s.
Found    energy -644.67567536 in checkpoint file and calculated forces (max = 7.345e-04, rms = 3.055e-04) in 2 min 39.78 s.

Geometry iteration 61
Computed energy -644.67567749 in 1 min 57.77 s.
Found    energy -644.67567749 in checkpoint file and calculated forces (max = 5.172e-04, rms = 2.490e-04) in 2 min 39.34 s.
Computed energy -644.67567711 in 1 min 57.76 s.
Computed energy -644.67567764 in 1 min 55.05 s.
Found    energy -644.67567764 in checkpoint file and calculated forces (max = 6.488e-04, rms = 3.225e-04) in 2 min 39.43 s.

Geometry iteration 62
Computed energy -644.67567914 in 1 min 57.74 s.
Found    energy -644.67567914 in checkpoint file and calculated forces (max = 8.912e-04, rms = 3.726e-04) in 2 min 39.98 s.
Computed energy -644.67567934 in 1 min 52.28 s.
Found    energy -644.67567934 in checkpoint file and calculated forces (max = 5.418e-04, rms = 2.643e-04) in 2 min 40.08 s.

Geometry iteration 63
Computed energy -644.67568000 in 1 min 57.72 s.
Found    energy -644.67568000 in checkpoint file and calculated forces (max = 9.033e-04, rms = 3.760e-04) in 2 min 40.05 s.
Computed energy -644.67568039 in 1 min 52.43 s.
Found    energy -644.67568039 in checkpoint file and calculated forces (max = 4.707e-04, rms = 2.102e-04) in 2 min 39.95 s.

Geometry iteration 64
Computed energy -644.67568162 in 1 min 55.27 s.
Found    energy -644.67568162 in checkpoint file and calculated forces (max = 4.810e-04, rms = 2.043e-04) in 2 min 39.78 s.
Computed energy -644.67568111 in 1 min 55.04 s.
Computed energy -644.67568166 in 1 min 54.75 s.
Found    energy -644.67568166 in checkpoint file and calculated forces (max = 5.841e-04, rms = 2.426e-04) in 2 min 39.87 s.

Geometry iteration 65
Computed energy -644.67568243 in 1 min 57.49 s.
Found    energy -644.67568243 in checkpoint file and calculated forces (max = 7.429e-04, rms = 3.333e-04) in 2 min 38.81 s.
Computed energy -644.67568257 in 1 min 51.42 s.
Found    energy -644.67568257 in checkpoint file and calculated forces (max = 4.328e-04, rms = 2.287e-04) in 2 min 38.80 s.

Geometry iteration 66
Computed energy -644.67568382 in 1 min 54.63 s.
Found    energy -644.67568382 in checkpoint file and calculated forces (max = 3.609e-04, rms = 1.837e-04) in 2 min 39.55 s.
Computed energy -644.67568394 in 1 min 55.20 s.
Found    energy -644.67568394 in checkpoint file and calculated forces (max = 6.733e-04, rms = 3.300e-04) in 2 min 39.87 s.
Computed energy -644.67568403 in 1 min 52.30 s.
Found    energy -644.67568403 in checkpoint file and calculated forces (max = 4.993e-04, rms = 2.600e-04) in 2 min 40.21 s.

Geometry iteration 67
Computed energy -644.67568537 in 1 min 57.86 s.
Found    energy -644.67568537 in checkpoint file and calculated forces (max = 5.687e-04, rms = 2.648e-04) in 2 min 39.72 s.

Geometry iteration 68
Computed energy -644.67568603 in 1 min 55.15 s.
Found    energy -644.67568603 in checkpoint file and calculated forces (max = 6.224e-04, rms = 2.994e-04) in 2 min 39.83 s.
Computed energy -644.67568626 in 1 min 52.38 s.
Found    energy -644.67568626 in checkpoint file and calculated forces (max = 3.452e-04, rms = 1.761e-04) in 2 min 40.00 s.

Geometry iteration 69
Computed energy -644.67568686 in 1 min 55.23 s.
Found    energy -644.67568686 in checkpoint file and calculated forces (max = 5.457e-04, rms = 2.954e-04) in 2 min 39.74 s.
Computed energy -644.67568693 in 1 min 51.94 s.
Found    energy -644.67568693 in checkpoint file and calculated forces (max = 3.691e-04, rms = 2.198e-04) in 2 min 40.14 s.

Geometry iteration 70
Computed energy -644.67568788 in 1 min 55.06 s.
Found    energy -644.67568788 in checkpoint file and calculated forces (max = 3.512e-04, rms = 1.629e-04) in 2 min 39.94 s.
Computed energy -644.67568803 in 1 min 55.13 s.
Found    energy -644.67568803 in checkpoint file and calculated forces (max = 5.315e-04, rms = 2.756e-04) in 2 min 39.80 s.
Computed energy -644.67568807 in 1 min 49.17 s.
Found    energy -644.67568807 in checkpoint file and calculated forces (max = 4.460e-04, rms = 2.299e-04) in 2 min 39.68 s.

Geometry iteration 71
Computed energy -644.67568941 in 1 min 54.91 s.
Found    energy -644.67568941 in checkpoint file and calculated forces (max = 4.371e-04, rms = 2.247e-04) in 2 min 39.90 s.
Computed energy -644.67568888 in 1 min 55.29 s.
Computed energy -644.67568945 in 1 min 54.93 s.
Found    energy -644.67568945 in checkpoint file and calculated forces (max = 5.289e-04, rms = 2.690e-04) in 2 min 39.97 s.

Geometry iteration 72
Computed energy -644.67569046 in 1 min 58.48 s.
Found    energy -644.67569046 in checkpoint file and calculated forces (max = 5.941e-04, rms = 3.135e-04) in 2 min 39.46 s.
Computed energy -644.67569054 in 1 min 52.30 s.
Found    energy -644.67569054 in checkpoint file and calculated forces (max = 3.882e-04, rms = 2.400e-04) in 2 min 39.89 s.

Geometry iteration 73
Computed energy -644.67569168 in 1 min 55.05 s.
Found    energy -644.67569168 in checkpoint file and calculated forces (max = 3.657e-04, rms = 1.851e-04) in 2 min 40.02 s.

Geometry iteration 74
Computed energy -644.67569238 in 1 min 58.15 s.
Found    energy -644.67569238 in checkpoint file and calculated forces (max = 7.319e-04, rms = 2.981e-04) in 2 min 40.02 s.
Computed energy -644.67569251 in 1 min 52.52 s.
Found    energy -644.67569251 in checkpoint file and calculated forces (max = 5.303e-04, rms = 2.099e-04) in 2 min 40.43 s.

Geometry iteration 75
Computed energy -644.67569304 in 1 min 58.05 s.
Found    energy -644.67569304 in checkpoint file and calculated forces (max = 4.138e-04, rms = 2.356e-04) in 2 min 39.80 s.
Computed energy -644.67569312 in 1 min 52.20 s.
Found    energy -644.67569312 in checkpoint file and calculated forces (max = 3.010e-04, rms = 1.659e-04) in 2 min 39.92 s.

Geometry iteration 76
Computed energy -644.67569386 in 1 min 55.04 s.
Found    energy -644.67569386 in checkpoint file and calculated forces (max = 3.291e-04, rms = 1.484e-04) in 2 min 39.89 s.
Computed energy -644.67569362 in 1 min 55.15 s.
Computed energy -644.67569389 in 1 min 54.96 s.
Found    energy -644.67569389 in checkpoint file and calculated forces (max = 3.738e-04, rms = 1.816e-04) in 2 min 39.64 s.

Geometry iteration 77
Computed energy -644.67569439 in 1 min 57.60 s.
Found    energy -644.67569439 in checkpoint file and calculated forces (max = 4.730e-04, rms = 2.432e-04) in 2 min 39.56 s.
Computed energy -644.67569446 in 1 min 51.86 s.
Found    energy -644.67569446 in checkpoint file and calculated forces (max = 2.970e-04, rms = 1.734e-04) in 2 min 40.02 s.

Geometry iteration 78
Computed energy -644.67569512 in 1 min 55.09 s.
Found    energy -644.67569512 in checkpoint file and calculated forces (max = 2.654e-04, rms = 1.561e-04) in 2 min 39.95 s.
Computed energy -644.67569483 in 1 min 55.00 s.
Computed energy -644.67569514 in 1 min 52.32 s.
Found    energy -644.67569514 in checkpoint file and calculated forces (max = 3.390e-04, rms = 1.839e-04) in 2 min 39.85 s.

Geometry iteration 79
Computed energy -644.67569569 in 1 min 55.21 s.
Found    energy -644.67569569 in checkpoint file and calculated forces (max = 3.654e-04, rms = 1.809e-04) in 2 min 40.01 s.
Computed energy -644.67569571 in 1 min 49.57 s.
Found    energy -644.67569571 in checkpoint file and calculated forces (max = 2.770e-04, rms = 1.497e-04) in 2 min 39.94 s.

Geometry iteration 80
Computed energy -644.67569626 in 1 min 54.94 s.
Found    energy -644.67569626 in checkpoint file and calculated forces (max = 3.780e-04, rms = 1.911e-04) in 2 min 40.15 s.

Geometry iteration 81
Computed energy -644.67569696 in 1 min 55.30 s.
Found    energy -644.67569696 in checkpoint file and calculated forces (max = 2.535e-04, rms = 1.499e-04) in 2 min 40.00 s.
Computed energy -644.67569683 in 1 min 55.12 s.
Computed energy -644.67569701 in 1 min 52.27 s.
Found    energy -644.67569701 in checkpoint file and calculated forces (max = 3.567e-04, rms = 1.914e-04) in 2 min 39.60 s.

Geometry iteration 82
Computed energy -644.67569778 in 1 min 54.83 s.
Found    energy -644.67569778 in checkpoint file and calculated forces (max = 4.305e-04, rms = 2.016e-04) in 2 min 40.09 s.

Geometry iteration 83
Computed energy -644.67569866 in 1 min 55.44 s.
Found    energy -644.67569866 in checkpoint file and calculated forces (max = 3.280e-04, rms = 1.735e-04) in 2 min 40.12 s.
Computed energy -644.67569820 in 1 min 54.87 s.
Computed energy -644.67569868 in 1 min 54.86 s.
Found    energy -644.67569868 in checkpoint file and calculated forces (max = 3.695e-04, rms = 1.978e-04) in 2 min 40.27 s.

Geometry iteration 84
Computed energy -644.67569932 in 1 min 55.21 s.
Found    energy -644.67569932 in checkpoint file and calculated forces (max = 3.613e-04, rms = 1.950e-04) in 2 min 40.04 s.
Computed energy -644.67569938 in 1 min 49.13 s.
Found    energy -644.67569938 in checkpoint file and calculated forces (max = 2.770e-04, rms = 1.469e-04) in 2 min 40.06 s.

Geometry iteration 85
Computed energy -644.67569943 in 1 min 55.25 s.
Found    energy -644.67569943 in checkpoint file and calculated forces (max = 8.005e-04, rms = 3.426e-04) in 2 min 39.96 s.
Computed energy -644.67569974 in 1 min 52.43 s.
Found    energy -644.67569974 in checkpoint file and calculated forces (max = 3.153e-04, rms = 1.632e-04) in 2 min 40.14 s.

Geometry iteration 86
Computed energy -644.67570025 in 1 min 52.19 s.
Found    energy -644.67570025 in checkpoint file and calculated forces (max = 1.826e-04, rms = 9.825e-05) in 2 min 40.08 s.
Computed energy -644.67570030 in 1 min 52.24 s.
Found    energy -644.67570030 in checkpoint file and calculated forces (max = 2.670e-04, rms = 1.572e-04) in 2 min 40.30 s.
Computed energy -644.67570034 in 1 min 49.55 s.
Found    energy -644.67570034 in checkpoint file and calculated forces (max = 2.194e-04, rms = 1.236e-04) in 2 min 40.08 s.

Geometry iteration 87
Computed energy -644.67570055 in 1 min 55.28 s.
Found    energy -644.67570055 in checkpoint file and calculated forces (max = 5.365e-04, rms = 2.343e-04) in 2 min 39.95 s.
Computed energy -644.67570070 in 1 min 52.18 s.
Found    energy -644.67570070 in checkpoint file and calculated forces (max = 3.011e-04, rms = 1.343e-04) in 2 min 40.25 s.

Geometry iteration 88
Computed energy -644.67570091 in 1 min 55.00 s.
Found    energy -644.67570091 in checkpoint file and calculated forces (max = 3.607e-04, rms = 1.638e-04) in 2 min 39.95 s.
Computed energy -644.67570096 in 1 min 52.04 s.
Found    energy -644.67570096 in checkpoint file and calculated forces (max = 2.027e-04, rms = 1.107e-04) in 2 min 40.02 s.

Geometry iteration 89
Computed energy -644.67570123 in 1 min 52.19 s.
Found    energy -644.67570123 in checkpoint file and calculated forces (max = 2.027e-04, rms = 9.327e-05) in 2 min 40.36 s.

Geometry iteration 90
Computed energy -644.67570132 in 1 min 51.99 s.
Found    energy -644.67570132 in checkpoint file and calculated forces (max = 3.255e-04, rms = 1.694e-04) in 2 min 39.75 s.
Computed energy -644.67570139 in 1 min 51.89 s.
Found    energy -644.67570139 in checkpoint file and calculated forces (max = 1.624e-04, rms = 9.455e-05) in 2 min 40.09 s.
Running program took 13 h 29 min 45.12 s.
